<?xml version="1.0" encoding="UTF-8"?>
<!-- Generated by org.testng.reporters.JUnitXMLReporter -->
<testsuite ignored="0" hostname="MSI" failures="0" tests="2" name="ProductDetailTest" time="6.696" errors="0" timestamp="2023-01-24T19:43:32 IST">
  <testcase classname="com.automation.test.ProductDetailPageTest" name="verifyPriceOnProductDetailPage" time="1.03"/>
  <testcase classname="com.automation.test.ProductDetailPageTest" name="verifyStockInformation" time="1.238"/>
</testsuite> <!-- ProductDetailTest -->
