<?xml version="1.0" encoding="UTF-8"?>
<!-- Generated by org.testng.reporters.JUnitXMLReporter -->
<testsuite ignored="0" hostname="MSI" failures="0" tests="8" name="Smoke Test" time="0.092" errors="0" timestamp="2023-01-21T19:20:52 IST">
  <testcase classname="com.automation.test.CartPageTest" name="verifyUserCanAddItemIntoCart" time="0.006"/>
  <testcase classname="com.automation.test.CartPageTest" name="verifyUserCanChangeQuanityOfItem" time="0.001"/>
  <testcase classname="com.automation.test.CartPageTest" name="verifyUserCanRemoveItemFromCart" time="0.001"/>
  <testcase classname="com.automation.test.LoginTest" name="verifyLoginSuccessful" time="0.002"/>
  <testcase classname="com.automation.test.LoginTest" name="verifyLoginUnSuccessfulWithBlankCredentials" time="0.003"/>
  <testcase classname="com.automation.test.LoginTest" name="verifyLoginUnSuccessfulWithInvalidCredentials" time="0.002"/>
  <testcase classname="com.automation.test.ProductDetailPageTest" name="verifyPriceOnProductDetailPage" time="0.002"/>
  <testcase classname="com.automation.test.ProductDetailPageTest" name="verifyStockInformation" time="0.001"/>
</testsuite> <!-- Smoke Test -->
